


ARM Macro Assembler    Page 1 


    1 00000000         ; LAB #3 ASSIGNMENT 1
    2 00000000         ; DONE BY YIMAN ALTYNBEK UULU, AMI-19 
    3 00000000         ; COMPUTER ARCHITECTURE & ORGANIZATION
    4 00000000         ; MELIS OSMONOV
    5 00000000         
    6 00000000                 AREA             AddGT, CODE, READONLY
    7 00000000                 ENTRY
    8 00000000         
    9 00000000 E3A00000        MOV              R0, #0      ; i = 0
   10 00000004         
   11 00000004 E3A01000        MOV              R1, #0      ; j = 0
   12 00000008         
   13 00000008 E59F2038        LDR              R2, N       ; size of number ar
                                                            ray
   14 0000000C         
   15 0000000C E59F3054        LDR              R3, POINTER ; address of first 
                                                            item of array
   16 00000010         
   17 00000010 E59F402C        LDR              R4, SUMP    ; pointer to sum
   18 00000014         
   19 00000014 E5946000        LDR              R6, [R4]    ; sum = 0
   20 00000018         
   21 00000018 E1510002 
                       LOOP    CMP              R1, R2      ; j < N ?
   22 0000001C         
   23 0000001C AA000005        BGE              DONE        ; if j >= N (7), fi
                                                            nish
   24 00000020         
   25 00000020         ;--------------------------instructions-----------------
                       ----------------
   26 00000020         
   27 00000020 E7935100        LDR              R5, [R3, R0, LSL #2] ; load val
                                                            ue from memory
   28 00000024         
   29 00000024 E3550005        CMP              R5, #5      ; compare with 5
   30 00000028         
   31 00000028 C0866005        ADDGT            R6, R5      ; add up values gre
                                                            ater than 5
   32 0000002C         
   33 0000002C E2800001        ADD              R0, #1      ; i++
   34 00000030         
   35 00000030 E2811001        ADD              R1, #1      ; j++
   36 00000034         
   37 00000034         ;-------------------------------------------------------
                       ----------------
   38 00000034         
   39 00000034 EAFFFFF7        B                LOOP
   40 00000038         DONE
   41 00000038         
   42 00000038 E5846000        STR              R6, [R4]    ; store sum in memo
                                                            ry
   43 0000003C         
   44 0000003C EAFFFFFE 
                       STOP    B                STOP
   45 00000040         
   46 00000040                 AREA             AddGT, DATA, READWRITE
   47 00000040         
   48 00000040 00000000 
                       SUM     DCD              0



ARM Macro Assembler    Page 2 


   49 00000044         
   50 00000044 00000000 
                       SUMP    DCD              SUM
   51 00000048         
   52 00000048 00000007 
                       N       DCD              7
   53 0000004C         
   54 0000004C 00000003 
              FFFFFFF9 
              00000002 
              FFFFFFFE 
              0000000A 
              00000014 
              0000001E NUM1    DCD              3, -7, 2, -2, 10, 20, 30
   55 00000068         
   56 00000068 00000000 
                       POINTER DCD              NUM1
   57 0000006C         
   58 0000006C                 END                          ; End of the progra
                                                            m
Command Line: --debug --xref --diag_suppress=9931 --bi --apcs=interwork --depen
d=.\objects\addgt.d -o.\objects\addgt.o -IC:\Keil_v5\ARM\RV31\INC -IC:\Keil_v5\
ARM\CMSIS\Include --predefine="__EVAL SETA 1" --predefine="__UVISION_VERSION SE
TA 529" --list=.\listings\addgt.lst AddGT.s



ARM Macro Assembler    Page 1 Alphabetic symbol ordering
Relocatable symbols

AddGT 00000000

Symbol: AddGT
   Definitions
      At line 6 in file AddGT.s
   Uses
      None
Comment: AddGT unused
DONE 00000038

Symbol: DONE
   Definitions
      At line 40 in file AddGT.s
   Uses
      At line 23 in file AddGT.s
Comment: DONE used once
LOOP 00000018

Symbol: LOOP
   Definitions
      At line 21 in file AddGT.s
   Uses
      At line 39 in file AddGT.s
Comment: LOOP used once
N 00000048

Symbol: N
   Definitions
      At line 52 in file AddGT.s
   Uses
      At line 13 in file AddGT.s
Comment: N used once
NUM1 0000004C

Symbol: NUM1
   Definitions
      At line 54 in file AddGT.s
   Uses
      At line 56 in file AddGT.s
Comment: NUM1 used once
POINTER 00000068

Symbol: POINTER
   Definitions
      At line 56 in file AddGT.s
   Uses
      At line 15 in file AddGT.s
Comment: POINTER used once
STOP 0000003C

Symbol: STOP
   Definitions
      At line 44 in file AddGT.s
   Uses
      At line 44 in file AddGT.s
Comment: STOP used once
SUM 00000040

Symbol: SUM



ARM Macro Assembler    Page 2 Alphabetic symbol ordering
Relocatable symbols

   Definitions
      At line 48 in file AddGT.s
   Uses
      At line 50 in file AddGT.s
Comment: SUM used once
SUMP 00000044

Symbol: SUMP
   Definitions
      At line 50 in file AddGT.s
   Uses
      At line 17 in file AddGT.s
Comment: SUMP used once
9 symbols
341 symbols in table
