


ARM Macro Assembler    Page 1 


    1 00000000         ; LAB #3 ASSIGNMENT 2
    2 00000000         ; DONE BY YIMAN ALTYNBEK UULU, AMI-19 
    3 00000000         ; COMPUTER ARCHITECTURE & ORGANIZATION
    4 00000000         ; MELIS OSMONOV
    5 00000000         
    6 00000000                 AREA             MinMax, CODE, READONLY
    7 00000000                 ENTRY
    8 00000000         
    9 00000000 E3A00000        MOV              R0, #0      ; i = 0
   10 00000004         
   11 00000004 E3A01000        MOV              R1, #0      ; j = 0
   12 00000008         
   13 00000008 E59F2054        LDR              R2, N       ; size of number ar
                                                            ray
   14 0000000C         
   15 0000000C E59F3084        LDR              R3, POINTER ; address of first 
                                                            item in array
   16 00000010         
   17 00000010 E59F4040        LDR              R4, MaxP    ; pointer to max
   18 00000014         
   19 00000014 E59F5044        LDR              R5, MinP    ; pointer to min
   20 00000018         
   21 00000018 E5947000        LDR              R7, [R4]    ; max = 0
   22 0000001C         
   23 0000001C E5958000        LDR              R8, [R5]    ; min = 0
   24 00000020         
   25 00000020 E1510002 
                       LOOP    CMP              R1, R2      ; j < N ?
   26 00000024         
   27 00000024 AA000007        BGE              DONE        ; if j >= N (12), f
                                                            inish
   28 00000028         
   29 00000028         ;---------------------------instructions----------------
                       ----------------
   30 00000028         
   31 00000028 E7936100        LDR              R6, [R3, R0, LSL #2] ; load val
                                                            ue from memory
   32 0000002C         
   33 0000002C E1560007        CMP              R6, R7      ; compare with min
   34 00000030         
   35 00000030 C1A07006        MOVGT            R7, R6      ; update max if a R
                                                            6> max 
   36 00000034         
   37 00000034 E1560008        CMP              R6, R8      ; compare with min
   38 00000038         
   39 00000038 B1A08006        MOVLT            R8, R6      ; update min if R6 
                                                            < min 
   40 0000003C         
   41 0000003C E2800001        ADD              R0, #1      ; i++
   42 00000040         
   43 00000040 E2811001        ADD              R1, #1      ; j++
   44 00000044         
   45 00000044         ;-------------------------------------------------------
                       ----------------
   46 00000044         
   47 00000044 EAFFFFF5        B                LOOP
   48 00000048         DONE
   49 00000048         
   50 00000048 E5847000        STR              R7, [R4]    ; store max in memo



ARM Macro Assembler    Page 2 


                                                            ry
   51 0000004C         
   52 0000004C E5858000        STR              R8, [R5]    ; store min in memo
                                                            ry
   53 00000050         
   54 00000050 EAFFFFFE 
                       STOP    B                STOP
   55 00000054         
   56 00000054                 AREA             MinMax, DATA, READWRITE
   57 00000054         
   58 00000054 00000000 
                       Max     DCD              0
   59 00000058         
   60 00000058 00000000 
                       MaxP    DCD              Max
   61 0000005C         
   62 0000005C 00000000 
                       Min     DCD              0
   63 00000060         
   64 00000060 00000000 
                       MinP    DCD              Min
   65 00000064         
   66 00000064 0000000C 
                       N       DCD              12
   67 00000068         
   68 00000068 00000003 
              FFFFFFF9 
              00000002 
              FFFFFFFE 
              0000000A 
              00000014 
              0000001E 
              0000000F 
              00000020 
              00000008 
              00000040 
              00000042 NUM1    DCD              3, -7, 2, -2, 10, 20, 30, 15, 3
2, 8, 64, 66
   69 00000098         
   70 00000098 00000000 
                       POINTER DCD              NUM1
   71 0000009C         
   72 0000009C                 END                          ; End of the progra
                                                            m
Command Line: --debug --xref --diag_suppress=9931 --bi --apcs=interwork --depen
d=.\objects\min-max.d -o.\objects\min-max.o -IC:\Keil_v5\ARM\RV31\INC -IC:\Keil
_v5\ARM\CMSIS\Include --predefine="__EVAL SETA 1" --predefine="__UVISION_VERSIO
N SETA 529" --list=.\listings\min-max.lst Min-Max.s



ARM Macro Assembler    Page 1 Alphabetic symbol ordering
Relocatable symbols

DONE 00000048

Symbol: DONE
   Definitions
      At line 48 in file Min-Max.s
   Uses
      At line 27 in file Min-Max.s
Comment: DONE used once
LOOP 00000020

Symbol: LOOP
   Definitions
      At line 25 in file Min-Max.s
   Uses
      At line 47 in file Min-Max.s
Comment: LOOP used once
Max 00000054

Symbol: Max
   Definitions
      At line 58 in file Min-Max.s
   Uses
      At line 60 in file Min-Max.s
Comment: Max used once
MaxP 00000058

Symbol: MaxP
   Definitions
      At line 60 in file Min-Max.s
   Uses
      At line 17 in file Min-Max.s
Comment: MaxP used once
Min 0000005C

Symbol: Min
   Definitions
      At line 62 in file Min-Max.s
   Uses
      At line 64 in file Min-Max.s
Comment: Min used once
MinMax 00000000

Symbol: MinMax
   Definitions
      At line 6 in file Min-Max.s
   Uses
      None
Comment: MinMax unused
MinP 00000060

Symbol: MinP
   Definitions
      At line 64 in file Min-Max.s
   Uses
      At line 19 in file Min-Max.s
Comment: MinP used once
N 00000064

Symbol: N



ARM Macro Assembler    Page 2 Alphabetic symbol ordering
Relocatable symbols

   Definitions
      At line 66 in file Min-Max.s
   Uses
      At line 13 in file Min-Max.s
Comment: N used once
NUM1 00000068

Symbol: NUM1
   Definitions
      At line 68 in file Min-Max.s
   Uses
      At line 70 in file Min-Max.s
Comment: NUM1 used once
POINTER 00000098

Symbol: POINTER
   Definitions
      At line 70 in file Min-Max.s
   Uses
      At line 15 in file Min-Max.s
Comment: POINTER used once
STOP 00000050

Symbol: STOP
   Definitions
      At line 54 in file Min-Max.s
   Uses
      At line 54 in file Min-Max.s
Comment: STOP used once
11 symbols
343 symbols in table
