


ARM Macro Assembler    Page 1 


    1 00000000         ; LAB #4 ASSIGNMENT 1
    2 00000000         ; DONE BY YIMAN ALTYNBEK UULU, AMI-19 
    3 00000000         ; COMPUTER ARCHITECTURE & ORGANIZATION
    4 00000000         ; INSTRUCTOR MELIS OSMONOV
    5 00000000         
    6 00000000                 AREA             CountVowelsTwo, CODE, READONLY
    7 00000000         
    8 00000000                 ENTRY
    9 00000000         
   10 00000000 E28F0078        ADR              R0, TEXT    ; address of a char
                                                            acter in the string
                                                            
   11 00000004         
   12 00000004 E28F10A1        ADR              R1, VOWELS  ; address of a vowe
                                                            l character in the 
                                                            string
   13 00000008         
   14 00000008 E3A02000        MOV              R2, #0      ; counter for vowel
                                                            s
   15 0000000C         
   16 0000000C E3A03000        MOV              R3, #0      ; counter for non-v
                                                            owels
   17 00000010         
   18 00000010         ;----------------------------------main-program---------
                       --------------------------------------------------
   19 00000010         
   20 00000010 EBFFFFFE        BL               COUNTFUNC   ; call the subrouti
                                                            ne
   21 00000014         
   22 00000014 EAFFFFFE 
                       Stop    B                Stop        ; terminaton of pro
                                                            gram
   23 00000018         
   24 00000018         ;----------------------------------procedures-----------
                       --------------------------------------------------   
   25 00000018         
   26 00000018         COUNTFUNC
                               PROC
   27 00000018         
   28 00000018 E5D04000        LDRB             R4, [R0]    ; load the characte
                                                            r from the address 
                                                            R0 - text
   29 0000001C         
   30 0000001C E3540000        CMP              R4, #0      ; compare with 0
   31 00000020         
   32 00000020 0A000010        BEQ              ENDFUNC     ; terminate the pro
                                                            cedure
   33 00000024         
   34 00000024         ;-----------------------------check-for-letters---------
                       --------------------------------------------------
   35 00000024         
   36 00000024 E3540041        CMP              R4, #0x41   ; compare with 'A'
   37 00000028         
   38 00000028 BA000011        BLT              LOOPVOWEL   ; next character
   39 0000002C         
   40 0000002C E354005A        CMP              R4, #0x5A   ; compare with 'Z'
   41 00000030         
   42 00000030 D2844020        ADDLE            R4, #0x20   ; convert character
                                                             to lower case



ARM Macro Assembler    Page 2 


   43 00000034         
   44 00000034 DA000003        BLE              continue    ; all is fine
   45 00000038         
   46 00000038 E3540061        CMP              R4, #0x61   ; compare with 'a'
   47 0000003C         
   48 0000003C BA00000C        BLT              LOOPVOWEL   ; next character
   49 00000040         
   50 00000040 E354007A        CMP              R4, #0x7A   ; compare with 'z'
   51 00000044         
   52 00000044 CA00000A        BGT              LOOPVOWEL   ; next character
   53 00000048         
   54 00000048         continue
   55 00000048         
   56 00000048 E5D16000        LDRB             R6, [R1]    ; load the characte
                                                            r from the address 
                                                            R5 - vowel
   57 0000004C         
   58 0000004C E3560000        CMP              R6, #0      ; compare with 0
   59 00000050         
   60 00000050 02833001        ADDEQ            R3, #1      ; increment counter
                                                             of non-vowels
   61 00000054         
   62 00000054 0A000006        BEQ              LOOPVOWEL
   63 00000058         
   64 00000058 E1560004        CMP              R6, R4      ; compare a vowel w
                                                            ith a character fro
                                                            m text
   65 0000005C         
   66 0000005C 0A000002        BEQ              VOWEL       ; count a vowel
   67 00000060         
   68 00000060 E2811001        ADD              R1, #1      ; increment index t
                                                            o the next vowel
   69 00000064         
   70 00000064 EAFFFFFE        B                COUNTFUNC
   71 00000068         
   72 00000068         ENDFUNC
   73 00000068         
   74 00000068 E12FFF1E        BX               LR
   75 0000006C         
   76 0000006C                 ENDP
   77 0000006C         
   78 0000006C         VOWEL
   79 0000006C         
   80 0000006C E2822001        ADD              R2, #1
   81 00000070         
   82 00000070 EAFFFFFF        B                LOOPVOWEL
   83 00000074         
   84 00000074         LOOPVOWEL
   85 00000074         
   86 00000074 E28F1031        ADR              R1, VOWELS  ; reiniate address 
                                                            of R1 to the start 
                                                            of vowels
   87 00000078         
   88 00000078 E2800001        ADD              R0, #1      ; next character
   89 0000007C         
   90 0000007C EAFFFFFE        B                COUNTFUNC
   91 00000080         
   92 00000080         ;-----------------------------------memory--------------
                       --------------------------------------------------



ARM Macro Assembler    Page 3 


   93 00000080         
   94 00000080                 AREA             CountVowelsTwo, DATA, READWRITE
   95 00000080         
   96 00000080                 ALIGN
   97 00000080         
   98 00000080         TEXT
   99 00000080 41 52 4D 
              20 61 73 
              73 65 6D 
              62 6C 79 
              20 6C 61 
              6E 67 75 
              61 67 65 
              20 69 73 
              20 69 6D 
              70 6F 72 
              74 61 6E 
              74 20 74 
              6F 20 6C 
              65 61 72 
              6E 21 00         DCB              "ARM assembly language is impor
tant to learn!", 0 
                                                            ; string in the mem
                                                            ory
  100 000000AD         
  101 000000AD         VOWELS
  102 000000AD 61 65 69 
              6F 75 79 
              00               DCB              "aeiouy", 0 ; list of vowels
  103 000000B4         
  104 000000B4                 END                          ; end of the progra
                                                            m
Command Line: --debug --xref --diag_suppress=9931 --bi --apcs=interwork --depen
d=.\objects\countvowelstwo.d -o.\objects\countvowelstwo.o -IC:\Keil_v5\ARM\RV31
\INC -IC:\Keil_v5\ARM\CMSIS\Include --predefine="__EVAL SETA 1" --predefine="__
UVISION_VERSION SETA 529" --list=.\listings\countvowelstwo.lst CountVowelsTwo.s



ARM Macro Assembler    Page 1 Alphabetic symbol ordering
Relocatable symbols

COUNTFUNC 00000018

Symbol: COUNTFUNC
   Definitions
      At line 26 in file CountVowelsTwo.s
   Uses
      At line 20 in file CountVowelsTwo.s
      At line 70 in file CountVowelsTwo.s
      At line 90 in file CountVowelsTwo.s

CountVowelsTwo 00000000

Symbol: CountVowelsTwo
   Definitions
      At line 6 in file CountVowelsTwo.s
   Uses
      None
Comment: CountVowelsTwo unused
ENDFUNC 00000068

Symbol: ENDFUNC
   Definitions
      At line 72 in file CountVowelsTwo.s
   Uses
      At line 32 in file CountVowelsTwo.s
Comment: ENDFUNC used once
LOOPVOWEL 00000074

Symbol: LOOPVOWEL
   Definitions
      At line 84 in file CountVowelsTwo.s
   Uses
      At line 38 in file CountVowelsTwo.s
      At line 48 in file CountVowelsTwo.s
      At line 52 in file CountVowelsTwo.s
      At line 62 in file CountVowelsTwo.s
      At line 82 in file CountVowelsTwo.s

Stop 00000014

Symbol: Stop
   Definitions
      At line 22 in file CountVowelsTwo.s
   Uses
      At line 22 in file CountVowelsTwo.s
Comment: Stop used once
TEXT 00000080

Symbol: TEXT
   Definitions
      At line 98 in file CountVowelsTwo.s
   Uses
      At line 10 in file CountVowelsTwo.s
Comment: TEXT used once
VOWEL 0000006C

Symbol: VOWEL
   Definitions
      At line 78 in file CountVowelsTwo.s



ARM Macro Assembler    Page 2 Alphabetic symbol ordering
Relocatable symbols

   Uses
      At line 66 in file CountVowelsTwo.s
Comment: VOWEL used once
VOWELS 000000AD

Symbol: VOWELS
   Definitions
      At line 101 in file CountVowelsTwo.s
   Uses
      At line 12 in file CountVowelsTwo.s
      At line 86 in file CountVowelsTwo.s

continue 00000048

Symbol: continue
   Definitions
      At line 54 in file CountVowelsTwo.s
   Uses
      At line 44 in file CountVowelsTwo.s
Comment: continue used once
9 symbols
341 symbols in table
