


ARM Macro Assembler    Page 1 


    1 00000000         ; LAB #4 ASSIGNMENT 1
    2 00000000         ; DONE BY YIMAN ALTYNBEK UULU, AMI-19 
    3 00000000         ; COMPUTER ARCHITECTURE & ORGANIZATION
    4 00000000         ; INSTRUCTOR MELIS OSMONOV
    5 00000000         
    6 00000000                 AREA             CountVowelsTwo, CODE, READONLY
    7 00000000                 ENTRY
    8 00000000         
    9 00000000 E59F007C        LDR              R0, =TEXT   ; text
   10 00000004 E59F107C        LDR              R1, =VOWELS ; vowels 
   11 00000008 E3A02000        MOV              R2, #0      ; vowels 
   12 0000000C E3A03000        MOV              R3, #0      ; non-vowels 
   13 00000010         
   14 00000010 EBFFFFFE        BL               FUNC        ; call a subroutine
                                                            
   15 00000014         
   16 00000014 EAFFFFFE 
                       Stop    B                Stop
   17 00000018         
   18 00000018         FUNC    PROC
   19 00000018         
   20 00000018 E5D04000        LDRB             R4, [R0]    ; load the characte
                                                            r from the address 
                                                            R0 - text
   21 0000001C         
   22 0000001C E3540041        CMP              R4, #0x41   ; compare with 'A'
   23 00000020 BA000014        BLT              loopVowel   ; next character
   24 00000024         
   25 00000024 E354005A        CMP              R4, #0x5A   ; compare with 'Z'
   26 00000028 D2844020        ADDLE            R4, R4, #0x20 ; convert charact
                                                            er to lower case
   27 0000002C DA000004        BLE              continue    ; continue
   28 00000030         
   29 00000030 E3540061        CMP              R4, #0x61   ; compare with 'a'
   30 00000034 BA00000F        BLT              loopVowel   ; next character
   31 00000038         
   32 00000038 E354007A        CMP              R4, #0x7A   ; compare with 'z'
   33 0000003C DA000000        BLE              continue
   34 00000040 CA00000C        BGT              loopVowel   ; next character
   35 00000044         
   36 00000044         continue
   37 00000044         
   38 00000044 E3540000        CMP              R4, #0      ; compare R4 with 0
                                                            
   39 00000048         
   40 00000048 0A000007        BEQ              ENDFUNC     ; end
   41 0000004C         
   42 0000004C E5D15000        LDRB             R5, [R1]    ; load the characte
                                                            r from the address 
                                                            R1 - vowel
   43 00000050         
   44 00000050 E3550000        CMP              R5, #0
   45 00000054         
   46 00000054 02833001        ADDEQ            R3, #1
   47 00000058         
   48 00000058 0A000006        BEQ              loopVowel   ; next
   49 0000005C         
   50 0000005C E1540005        CMP              R4, R5
   51 00000060         



ARM Macro Assembler    Page 2 


   52 00000060 0A000002        BEQ              equalVowel
   53 00000064         
   54 00000064 E2811001        ADD              R1, #1      ; next vowel  
   55 00000068         
   56 00000068 EAFFFFFE        B                FUNC
   57 0000006C         
   58 0000006C         ENDFUNC
   59 0000006C         
   60 0000006C E12FFF1E        BX               LR
   61 00000070         
   62 00000070                 ENDP
   63 00000070         
   64 00000070         equalVowel
   65 00000070         
   66 00000070 E2822001        ADD              R2, #1
   67 00000074         
   68 00000074 EAFFFFFF        B                loopVowel
   69 00000078         
   70 00000078         loopVowel
   71 00000078         
   72 00000078 E59F1008        LDR              R1, =VOWELS ; reiniate address 
                                                            of R1 to the start 
                                                            of vowels
   73 0000007C         
   74 0000007C E2800001        ADD              R0, #1      ; next character
   75 00000080         
   76 00000080 EAFFFFFE        B                FUNC
   77 00000084         
   78 00000084         
   79 00000084 00000000 
              00000000 
              00000000         AREA             CountVowelsTwo, CODE, READWRITE
   80 00000090         TEXT
   81 00000090 41 72 6D 
              20 61 73 
              73 65 6D 
              62 6C 79 
              20 6C 61 
              6E 67 75 
              61 67 65 
              20 69 73 
              20 69 6D 
              70 6F 72 
              74 61 6E 
              74 20 74 
              6F 20 6C 
              65 61 72 
              6E 21 00         DCB              "Arm assembly language is impor
tant to learn!",0
   82 000000BD         VOWELS
   83 000000BD 61 65 69 
              6F 75 79 
              00               DCB              "aeiouy",0
   84 000000C4         
   85 000000C4                 END
Command Line: --debug --xref --diag_suppress=9931 --bi --apcs=interwork --depen
d=.\objects\sample.d -o.\objects\sample.o -IC:\Keil_v5\ARM\RV31\INC -IC:\Keil_v
5\ARM\CMSIS\Include --predefine="__EVAL SETA 1" --predefine="__UVISION_VERSION 
SETA 529" --list=.\listings\sample.lst sample.s



ARM Macro Assembler    Page 1 Alphabetic symbol ordering
Relocatable symbols

CountVowelsTwo 00000000

Symbol: CountVowelsTwo
   Definitions
      At line 6 in file sample.s
   Uses
      None
Comment: CountVowelsTwo unused
ENDFUNC 0000006C

Symbol: ENDFUNC
   Definitions
      At line 58 in file sample.s
   Uses
      At line 40 in file sample.s
Comment: ENDFUNC used once
FUNC 00000018

Symbol: FUNC
   Definitions
      At line 18 in file sample.s
   Uses
      At line 14 in file sample.s
      At line 56 in file sample.s
      At line 76 in file sample.s

Stop 00000014

Symbol: Stop
   Definitions
      At line 16 in file sample.s
   Uses
      At line 16 in file sample.s
Comment: Stop used once
TEXT 00000090

Symbol: TEXT
   Definitions
      At line 80 in file sample.s
   Uses
      At line 9 in file sample.s
Comment: TEXT used once
VOWELS 000000BD

Symbol: VOWELS
   Definitions
      At line 82 in file sample.s
   Uses
      At line 10 in file sample.s
      At line 72 in file sample.s

continue 00000044

Symbol: continue
   Definitions
      At line 36 in file sample.s
   Uses
      At line 27 in file sample.s
      At line 33 in file sample.s



ARM Macro Assembler    Page 2 Alphabetic symbol ordering
Relocatable symbols


equalVowel 00000070

Symbol: equalVowel
   Definitions
      At line 64 in file sample.s
   Uses
      At line 52 in file sample.s
Comment: equalVowel used once
loopVowel 00000078

Symbol: loopVowel
   Definitions
      At line 70 in file sample.s
   Uses
      At line 23 in file sample.s
      At line 30 in file sample.s
      At line 34 in file sample.s
      At line 48 in file sample.s
      At line 68 in file sample.s

9 symbols
343 symbols in table
