


ARM Macro Assembler    Page 1 


    1 00000000         ; LAB #2 ASSIGNMENT 1
    2 00000000         ; DONE BY YIMAN ALTYNBEK UULU, AMI-19 
    3 00000000         ; COMPUTER ARCHITECTURE & ORGANIZATION
    4 00000000         ; INSTRUCTOR MELIS OSMONOV
    5 00000000         
    6 00000000                 AREA             CountVowelsOne, CODE, READONLY
    7 00000000                 ENTRY
    8 00000000         
    9 00000000 E28F0070        ADR              R0, text    ; address of a char
                                                            acter in the string
                                                            
   10 00000004 E28F409A        ADR              R4, vowels  ; address of a vowe
                                                            l character in the 
                                                            string
   11 00000008 E3A01000        MOV              R1, #0      ; counter for vowel
                                                            s
   12 0000000C E3A02000        MOV              R2, #0      ; counter for non-v
                                                            owels
   13 00000010         
   14 00000010         loop
   15 00000010 E5D03000        LDRB             R3, [R0]    ; load the characte
                                                            r from the address 
                                                            R0
   16 00000014         
   17 00000014 E3530000        CMP              R3, #0      ; compare with 0
   18 00000018         
   19 00000018 0A000014        BEQ              Stop        ; if it is zero ter
                                                            minate
   20 0000001C         
   21 0000001C         ;-----------------------------check-for-letters---------
                       --------------------------------------------------
   22 0000001C         
   23 0000001C E3530041        CMP              R3, #0x41   ; compare r3 with '
                                                            A'
   24 00000020 BA00000F        BLT              next        ; r3 is not an alph
                                                            abetic symbol get t
                                                            he next character
   25 00000024         
   26 00000024 E353005A        CMP              R3, #0x5A   ; compare r3 with '
                                                            Z'
   27 00000028 D2833020        ADDLE            R3,R3,#0x20 ; convert character
                                                             to lower case
   28 0000002C DA000003        BLE              continue    ; if r3 <= 'Z' cont
                                                            inue to the main pr
                                                            ogram
   29 00000030         
   30 00000030 E3530061        CMP              R3, #0x61   ; compare r3 with '
                                                            a'
   31 00000034 BA00000A        BLT              next        ; r3 is not an alph
                                                            abetic symbol get t
                                                            he next character
   32 00000038         
   33 00000038 E353007A        CMP              R3, #0x7A   ; compare r3 with '
                                                            z'
   34 0000003C         ; BLE continue  ; if r3 <= 'z' continue to the main prog
                       ram
   35 0000003C CA000008        BGT              next        ; r3 is not an alph
                                                            abetic symbol get t
                                                            he next character



ARM Macro Assembler    Page 2 


   36 00000040         
   37 00000040         continue
   38 00000040         
   39 00000040         ;------------------------------------instructions-------
                       --------------------------------------------------
   40 00000040         
   41 00000040         countVowelAndConsonant
   42 00000040         
   43 00000040 E5D46000        LDRB             R6, [R4]    ; load the characte
                                                            r from the address 
                                                            R4
   44 00000044         
   45 00000044 E3560000        CMP              R6, #0      ; compare with 0
   46 00000048 02822001        ADDEQ            R2, #1      ; increment counter
                                                             of non-vowels
   47 0000004C         
   48 0000004C 0A000004        BEQ              next        ; exit loop
   49 00000050         
   50 00000050 E1560003        CMP              R6, R3      ; compare a vowel w
                                                            ith a character fro
                                                            m text
   51 00000054 02811001        ADDEQ            R1, #1      ; increment counter
                                                             of vowels
   52 00000058         
   53 00000058 0A000001        BEQ              next        ; exit loop
   54 0000005C         
   55 0000005C E2844001        ADD              R4, #1      ; increment index t
                                                            o the next vowel
   56 00000060         
   57 00000060 EAFFFFF6        B                countVowelAndConsonant
   58 00000064         
   59 00000064         ;------------------------------------instructions-------
                       --------------------------------------------------
   60 00000064         next
   61 00000064 E59F4008        LDR              R4, =vowels ; address of a vowe
                                                            l character in the 
                                                            string
   62 00000068         
   63 00000068 E2800001        ADD              R0, #1      ; increment index t
                                                            o the next characte
                                                            r
   64 0000006C         
   65 0000006C EAFFFFE7        B                loop        ; main loop
   66 00000070         
   67 00000070 EAFFFFFE 
                       Stop    B                Stop        ; infinite loop - t
                                                            erminaton of progra
                                                            m
   68 00000074         
   69 00000074         
   70 00000074         ;-----------------------------------memory--------------
                       --------------------------------------------------
   71 00000074 00000000        AREA             CountVowelsOne, DATA, READWRITE
   72 00000078         
   73 00000078                 ALIGN
   74 00000078         text
   75 00000078 41 52 4D 
              20 61 73 
              73 65 6D 



ARM Macro Assembler    Page 3 


              62 6C 65 
              79 20 6C 
              61 6E 67 
              75 61 67 
              65 20 69 
              73 20 69 
              6D 70 6F 
              72 74 61 
              6E 74 20 
              74 6F 20 
              6C 65 61 
              72 6E 21 
              00               DCB              "ARM assembley language is impo
rtant to learn!", 0 
                                                            ; string in the mem
                                                            ory
   76 000000A6         
   77 000000A6         vowels
   78 000000A6 61 65 69 
              6F 75 79 
              00               DCB              "aeiouy", 0 ; list of vowels
   79 000000AD         
   80 000000AD                 END                          ; end of the progra
                                                            m
Command Line: --debug --xref --diag_suppress=9931 --bi --apcs=interwork --depen
d=.\objects\countvowelsone.d -o.\objects\countvowelsone.o -IC:\Keil_v5\ARM\RV31
\INC -IC:\Keil_v5\ARM\CMSIS\Include --predefine="__EVAL SETA 1" --predefine="__
UVISION_VERSION SETA 529" --list=.\listings\countvowelsone.lst CountVowelsOne.s



ARM Macro Assembler    Page 1 Alphabetic symbol ordering
Relocatable symbols

CountVowelsOne 00000000

Symbol: CountVowelsOne
   Definitions
      At line 6 in file CountVowelsOne.s
   Uses
      None
Comment: CountVowelsOne unused
Stop 00000070

Symbol: Stop
   Definitions
      At line 67 in file CountVowelsOne.s
   Uses
      At line 19 in file CountVowelsOne.s
      At line 67 in file CountVowelsOne.s

continue 00000040

Symbol: continue
   Definitions
      At line 37 in file CountVowelsOne.s
   Uses
      At line 28 in file CountVowelsOne.s
Comment: continue used once
countVowelAndConsonant 00000040

Symbol: countVowelAndConsonant
   Definitions
      At line 41 in file CountVowelsOne.s
   Uses
      At line 57 in file CountVowelsOne.s
Comment: countVowelAndConsonant used once
loop 00000010

Symbol: loop
   Definitions
      At line 14 in file CountVowelsOne.s
   Uses
      At line 65 in file CountVowelsOne.s
Comment: loop used once
next 00000064

Symbol: next
   Definitions
      At line 60 in file CountVowelsOne.s
   Uses
      At line 24 in file CountVowelsOne.s
      At line 31 in file CountVowelsOne.s
      At line 35 in file CountVowelsOne.s
      At line 48 in file CountVowelsOne.s
      At line 53 in file CountVowelsOne.s

text 00000078

Symbol: text
   Definitions
      At line 74 in file CountVowelsOne.s
   Uses



ARM Macro Assembler    Page 2 Alphabetic symbol ordering
Relocatable symbols

      At line 9 in file CountVowelsOne.s
Comment: text used once
vowels 000000A6

Symbol: vowels
   Definitions
      At line 77 in file CountVowelsOne.s
   Uses
      At line 10 in file CountVowelsOne.s
      At line 61 in file CountVowelsOne.s

8 symbols
342 symbols in table
