


ARM Macro Assembler    Page 1 


    1 00000000         ; Lab #1 Assignment 1 
    2 00000000         ; done by Yiman Altynbek uulu, AMI-19
    3 00000000         ; Computer Arch & Organ, Melis Osmonov
    4 00000000         
    5 00000000                 AREA             convertF2CandC2F, CODE, READONL
Y
    6 00000000                 ENTRY
    7 00000000         
    8 00000000         ;---------------Fahrenheit to Celsius-------------------
                       
    9 00000000         
   10 00000000 E59F0048        LDR              r0, F       ; F = 85
   11 00000004 E59F504C        LDR              r5, E
   12 00000008 E3A01005        MOV              r1, #5      ; multiply by 5
   13 0000000C E2400020        SUB              r0, r0, #32 ; F - 32
   14 00000010 E0020091        MUL              r2, r1, r0  ; 5*(F - 32)
   15 00000014         
   16 00000014 E3A01000        MOV              r1, #0      ; initialize counte
                                                            r
   17 00000018 E3A00009        MOV              r0, #9      ; divide by 9
   18 0000001C         
   19 0000001C         subtr1
   20 0000001C E0522000        SUBS             r2, r2, r0  ; r2 = r2-r0
   21 00000020 E2811001        ADD              r1, r1, #1  ; increment r1
   22 00000024         
   23 00000024 8AFFFFFC        BHI              subtr1      ; loop
   24 00000028         ; result is in r1
   25 00000028         
   26 00000028         ;----------------Celsius to Fahrenheit------------------
                       
   27 00000028         
   28 00000028 E59F2024        LDR              r2, C       ; C = 32
   29 0000002C E3A03009        MOV              r3, #9      ; multiply by 9
   30 00000030 E0040392        MUL              r4, r2, r3  ; 9*C
   31 00000034         
   32 00000034 E3A03000        MOV              r3, #0      ; initialize counte
                                                            r
   33 00000038 E3A00005        MOV              r0, #5      ; divide by 5
   34 0000003C         
   35 0000003C         subtr2
   36 0000003C         
   37 0000003C E0544000        SUBS             r4, r4, r0  ; r2 = r2-r1
   38 00000040 E2833001        ADD              r3, r3, #1  ; increment r0
   39 00000044         
   40 00000044 8AFFFFFC        BHI              subtr2      ; loop
   41 00000048         ; result is in r3
   42 00000048 E2833020        ADD              r3, r3, #32
   43 0000004C         
   44 0000004C                 ALIGN
   45 0000004C EAFFFFFE 
                       S       B                S
   46 00000050         
   47 00000050                 AREA             convertF2CandC2F, DATA, READWRI
TE
   48 00000050 00000055 
                       F       DCD              85          ; F = 85
   49 00000054 00000020 
                       C       DCD              32          ; C = 32
   50 00000058 00000038 



ARM Macro Assembler    Page 2 


                       E       DCD              56
   51 0000005C         
   52 0000005C                 END                          ; end of program
Command Line: --debug --xref --diag_suppress=9931 --bi --apcs=interwork --depen
d=.\objects\convertf2candc2f.d -o.\objects\convertf2candc2f.o -IC:\Keil_v5\ARM\
RV31\INC -IC:\Keil_v5\ARM\CMSIS\Include --predefine="__EVAL SETA 1" --predefine
="__UVISION_VERSION SETA 529" --list=.\listings\convertf2candc2f.lst convertF2C
andC2F.s



ARM Macro Assembler    Page 1 Alphabetic symbol ordering
Relocatable symbols

C 00000054

Symbol: C
   Definitions
      At line 49 in file convertF2CandC2F.s
   Uses
      At line 28 in file convertF2CandC2F.s
Comment: C used once
E 00000058

Symbol: E
   Definitions
      At line 50 in file convertF2CandC2F.s
   Uses
      At line 11 in file convertF2CandC2F.s
Comment: E used once
F 00000050

Symbol: F
   Definitions
      At line 48 in file convertF2CandC2F.s
   Uses
      At line 10 in file convertF2CandC2F.s
Comment: F used once
S 0000004C

Symbol: S
   Definitions
      At line 45 in file convertF2CandC2F.s
   Uses
      At line 45 in file convertF2CandC2F.s
Comment: S used once
convertF2CandC2F 00000000

Symbol: convertF2CandC2F
   Definitions
      At line 5 in file convertF2CandC2F.s
   Uses
      None
Comment: convertF2CandC2F unused
subtr1 0000001C

Symbol: subtr1
   Definitions
      At line 19 in file convertF2CandC2F.s
   Uses
      At line 23 in file convertF2CandC2F.s
Comment: subtr1 used once
subtr2 0000003C

Symbol: subtr2
   Definitions
      At line 35 in file convertF2CandC2F.s
   Uses
      At line 40 in file convertF2CandC2F.s
Comment: subtr2 used once
7 symbols
339 symbols in table
